0 info it worked if it ends with ok
1 verbose cli [ 'C:\\Program Files\\nodejs\\node.exe',
1 verbose cli   'C:\\Users\\Geo.Pal\\AppData\\Roaming\\npm\\node_modules\\npm\\bin\\npm-cli.js',
1 verbose cli   'run',
1 verbose cli   'build-css' ]
2 info using npm@3.10.9
3 info using node@v4.4.7
4 verbose run-script [ 'prebuild-css', 'build-css', 'postbuild-css' ]
5 info lifecycle ui-router-test@1.0.0~prebuild-css: ui-router-test@1.0.0
6 silly lifecycle ui-router-test@1.0.0~prebuild-css: no script for prebuild-css, continuing
7 info lifecycle ui-router-test@1.0.0~build-css: ui-router-test@1.0.0
8 verbose lifecycle ui-router-test@1.0.0~build-css: unsafe-perm in lifecycle true
9 verbose lifecycle ui-router-test@1.0.0~build-css: PATH: C:\Users\Geo.Pal\AppData\Roaming\npm\node_modules\npm\bin\node-gyp-bin;C:\Users\Geo.Pal\Desktop\TEST\ui-router-test\node_modules\.bin;C:\Users\Geo.Pal\AppData\Roaming\npm\node_modules\npm\bin\node-gyp-bin;C:\Users\Geo.Pal\Desktop\TEST\ui-router-test\node_modules\.bin;C:\Users\Geo.Pal\AppData\Roaming\npm;C:\Program Files\nodejs\;C:\ProgramData\Oracle\Java\javapath;C:\Program Files (x86)\Intel\iCLS Client\;C:\Program Files\Intel\iCLS Client\;C:\WINDOWS\system32;C:\WINDOWS;C:\WINDOWS\System32\Wbem;C:\WINDOWS\System32\WindowsPowerShell\v1.0\;C:\Program Files (x86)\AMD\ATI.ACE\Core-Static;C:\Program Files\Intel\Intel(R) Management Engine Components\DAL;C:\Program Files (x86)\Intel\Intel(R) Management Engine Components\DAL;C:\Program Files\Intel\Intel(R) Management Engine Components\IPT;C:\Program Files (x86)\Intel\Intel(R) Management Engine Components\IPT;C:\Program Files (x86)\Skype\Phone\;C:\Program Files\TortoiseSVN\bin;C:\Program Files\Intel\WiFi\bin\;C:\Program Files\Common Files\Intel\WirelessCommon\;C:\Program Files\Microsoft SQL Server\Client SDK\ODBC\110\Tools\Binn\;C:\Program Files (x86)\Microsoft SQL Server\120\Tools\Binn\ManagementStudio\;C:\Program Files (x86)\Microsoft SQL Server\120\Tools\Binn\;C:\Program Files\Microsoft SQL Server\120\Tools\Binn\;C:\Program Files (x86)\Microsoft SQL Server\120\DTS\Binn\;C:\Program Files\Microsoft SQL Server\120\DTS\Binn\;C:\Program Files\nodejs\;C:\Program Files\Microsoft SQL Server\130\Tools\Binn\;C:\Program Files\dotnet\;C:\Program Files\Microsoft DNX\Dnvm\;C:\Program Files (x86)\Microsoft SQL Server\110\DTS\Binn\;C:\Program Files (x86)\Microsoft SQL Server\130\DTS\Binn\;C:\Program Files (x86)\Brackets\command;C:\Program Files\Git\cmd;C:\Program Files\Intel\WiFi\bin\;C:\Program Files\Common Files\Intel\WirelessCommon\;C:\Users\Geo.Pal\AppData\Roaming\npm;%USERPROFILE%\AppData\Local\Microsoft\WindowsApps;
10 verbose lifecycle ui-router-test@1.0.0~build-css: CWD: C:\Users\Geo.Pal\Desktop\TEST\ui-router-test
11 silly lifecycle ui-router-test@1.0.0~build-css: Args: [ '/d /s /c',
11 silly lifecycle   'node-sass --include-path scss assets/scss/index.scss   assets/css/index.css' ]
12 silly lifecycle ui-router-test@1.0.0~build-css: Returned: code: 1  signal: null
13 info lifecycle ui-router-test@1.0.0~build-css: Failed to exec build-css script
14 verbose stack Error: ui-router-test@1.0.0 build-css: `node-sass --include-path scss assets/scss/index.scss   assets/css/index.css`
14 verbose stack Exit status 1
14 verbose stack     at EventEmitter.<anonymous> (C:\Users\Geo.Pal\AppData\Roaming\npm\node_modules\npm\lib\utils\lifecycle.js:255:16)
14 verbose stack     at emitTwo (events.js:87:13)
14 verbose stack     at EventEmitter.emit (events.js:172:7)
14 verbose stack     at ChildProcess.<anonymous> (C:\Users\Geo.Pal\AppData\Roaming\npm\node_modules\npm\lib\utils\spawn.js:40:14)
14 verbose stack     at emitTwo (events.js:87:13)
14 verbose stack     at ChildProcess.emit (events.js:172:7)
14 verbose stack     at maybeClose (internal/child_process.js:827:16)
14 verbose stack     at Process.ChildProcess._handle.onexit (internal/child_process.js:211:5)
15 verbose pkgid ui-router-test@1.0.0
16 verbose cwd C:\Users\Geo.Pal\Desktop\TEST\ui-router-test
17 error Windows_NT 10.0.14393
18 error argv "C:\\Program Files\\nodejs\\node.exe" "C:\\Users\\Geo.Pal\\AppData\\Roaming\\npm\\node_modules\\npm\\bin\\npm-cli.js" "run" "build-css"
19 error node v4.4.7
20 error npm  v3.10.9
21 error code ELIFECYCLE
22 error ui-router-test@1.0.0 build-css: `node-sass --include-path scss assets/scss/index.scss   assets/css/index.css`
22 error Exit status 1
23 error Failed at the ui-router-test@1.0.0 build-css script 'node-sass --include-path scss assets/scss/index.scss   assets/css/index.css'.
23 error Make sure you have the latest version of node.js and npm installed.
23 error If you do, this is most likely a problem with the ui-router-test package,
23 error not with npm itself.
23 error Tell the author that this fails on your system:
23 error     node-sass --include-path scss assets/scss/index.scss   assets/css/index.css
23 error You can get information on how to open an issue for this project with:
23 error     npm bugs ui-router-test
23 error Or if that isn't available, you can get their info via:
23 error     npm owner ls ui-router-test
23 error There is likely additional logging output above.
24 verbose exit [ 1, true ]
